\BOOKMARK [1][-]{section.1}{Introduction}{}% 1
\BOOKMARK [2][-]{subsection.1.1}{Market research}{section.1}% 2
\BOOKMARK [2][-]{subsection.1.2}{Related Work}{section.1}% 3
\BOOKMARK [1][-]{section.2}{Approach}{}% 4
\BOOKMARK [2][-]{subsection.2.1}{Architecture}{section.2}% 5
\BOOKMARK [3][-]{subsubsection.2.1.1}{Load Sensing Circuit}{subsection.2.1}% 6
\BOOKMARK [3][-]{subsubsection.2.1.2}{Arduino}{subsection.2.1}% 7
\BOOKMARK [3][-]{subsubsection.2.1.3}{Android}{subsection.2.1}% 8
\BOOKMARK [3][-]{subsubsection.2.1.4}{Sensor Placement}{subsection.2.1}% 9
\BOOKMARK [3][-]{subsubsection.2.1.5}{Training \(Data Collection\)}{subsection.2.1}% 10
\BOOKMARK [3][-]{subsubsection.2.1.6}{Mathematical Model}{subsection.2.1}% 11
\BOOKMARK [1][-]{section.3}{Experiments: Set I}{}% 12
\BOOKMARK [2][-]{subsection.3.1}{Analysis}{section.3}% 13
\BOOKMARK [1][-]{section.4}{Data Plots and Analysis: Set I}{}% 14
\BOOKMARK [1][-]{section.5}{Result: Set I}{}% 15
\BOOKMARK [1][-]{section.6}{Problems and Issues: Set I}{}% 16
\BOOKMARK [1][-]{section.7}{Experiments: Set II}{}% 17
\BOOKMARK [2][-]{subsection.7.1}{Analysis}{section.7}% 18
\BOOKMARK [1][-]{section.8}{Data Plots and Analysis: Set II}{}% 19
\BOOKMARK [1][-]{section.9}{Results: Set II}{}% 20
\BOOKMARK [1][-]{section.10}{Conclusion}{}% 21
\BOOKMARK [1][-]{section.11}{Future Work}{}% 22
